<?xml version="1.0" ?>
<coverage version="7.16.1" timestamp="1790028680704" lines-valid="56" lines-covered="49" line-rate="0.875" branches-covered="0" branches-valid="0" branch-rate="0" complexity="0">
	<!-- Generated by coverage.py: https://coverage.readthedocs.io/en/7.16.1 -->
	<!-- Based on https://raw.githubusercontent.com/cobertura/web/master/htdocs/xml/coverage-04.dtd -->
	<sources>
		<source>C:\Users\Esteban\Documents\Universidad\Escuela Colombiana de Ingenieros\Fundamentos de Seguridad de la Info - LAB\laboratorio04-sast-FDSI</source>
	</sources>
	<packages>
		<package name="." line-rate="0.875" branch-rate="0" complexity="0">
			<classes>
				<class name="app.py" filename="app.py" complexity="0" line-rate="0.8" branch-rate="0">
					<methods/>
					<lines>
						<line number="1" hits="1"/>
						<line number="4" hits="1"/>
						<line number="10" hits="1"/>
						<line number="11" hits="1"/>
						<line number="12" hits="1"/>
						<line number="14" hits="1"/>
						<line number="21" hits="1"/>
						<line number="24" hits="1"/>
						<line number="25" hits="0"/>
						<line number="26" hits="0"/>
					</lines>
				</class>
				<class name="config.py" filename="config.py" complexity="0" line-rate="0" branch-rate="0">
					<methods/>
					<lines>
						<line number="4" hits="0"/>
						<line number="5" hits="0"/>
						<line number="6" hits="0"/>
					</lines>
				</class>
				<class name="database.py" filename="database.py" complexity="0" line-rate="0.8333" branch-rate="0">
					<methods/>
					<lines>
						<line number="1" hits="1"/>
						<line number="4" hits="1"/>
						<line number="5" hits="1"/>
						<line number="6" hits="1"/>
						<line number="8" hits="1"/>
						<line number="10" hits="1"/>
						<line number="11" hits="1"/>
						<line number="13" hits="1"/>
						<line number="14" hits="1"/>
						<line number="17" hits="1"/>
						<line number="18" hits="0"/>
						<line number="19" hits="0"/>
					</lines>
				</class>
				<class name="test_app.py" filename="test_app.py" complexity="0" line-rate="1" branch-rate="0">
					<methods/>
					<lines>
						<line number="1" hits="1"/>
						<line number="4" hits="1"/>
						<line number="5" hits="1"/>
						<line number="7" hits="1"/>
						<line number="10" hits="1"/>
						<line number="11" hits="1"/>
						<line number="13" hits="1"/>
					</lines>
				</class>
				<class name="test_database.py" filename="test_database.py" complexity="0" line-rate="1" branch-rate="0">
					<methods/>
					<lines>
						<line number="1" hits="1"/>
						<line number="3" hits="1"/>
						<line number="6" hits="1"/>
						<line number="7" hits="1"/>
						<line number="9" hits="1"/>
						<line number="10" hits="1"/>
						<line number="12" hits="1"/>
						<line number="16" hits="1"/>
						<line number="21" hits="1"/>
						<line number="22" hits="1"/>
						<line number="24" hits="1"/>
						<line number="26" hits="1"/>
						<line number="28" hits="1"/>
						<line number="29" hits="1"/>
						<line number="32" hits="1"/>
						<line number="33" hits="1"/>
						<line number="35" hits="1"/>
						<line number="36" hits="1"/>
						<line number="38" hits="1"/>
						<line number="42" hits="1"/>
						<line number="43" hits="1"/>
						<line number="45" hits="1"/>
						<line number="47" hits="1"/>
						<line number="49" hits="1"/>
					</lines>
				</class>
			</classes>
		</package>
	</packages>
</coverage>
